<?xml version="1.0" encoding="UTF-8"?>
<!-- Generated by org.testng.reporters.JUnitReportReporter -->
<testsuite hostname="DESKTOP-J4SRGEC" failures="0" tests="1" name="runner_heroku.reunner_herokku" time="10.036" errors="0" timestamp="2024-07-02T13:12:13 IST" skipped="0">
  <testcase classname="runner_heroku.reunner_herokku" name="runScenario" time="10.036"/>
</testsuite> <!-- runner_heroku.reunner_herokku -->
