<?xml version="1.0" encoding="UTF-8"?>
<!-- Generated by org.testng.reporters.JUnitReportReporter -->
<testsuite hostname="DESKTOP-J4SRGEC" failures="0" tests="1" name="runner_heroku.reunner_herokku" time="9.165" errors="0" timestamp="2024-07-02T16:57:19 IST" skipped="0">
  <testcase classname="runner_heroku.reunner_herokku" name="runScenario" time="9.165"/>
</testsuite> <!-- runner_heroku.reunner_herokku -->
